2021-05-09 23:01:21,012 - DEBUG - Read file from /home/evgeny/Projects/python-project-lvl3/tests/fixtures/evglit-github-io.html
2021-05-09 23:01:21,012 - DEBUG - Read file from /home/evgeny/Projects/python-project-lvl3/tests/fixtures/expected/evglit-github-io.html
2021-05-09 23:01:21,013 - DEBUG - Read file from /home/evgeny/Projects/python-project-lvl3/tests/fixtures/expected/evglit-github-io_files/evglit-github-io-css-style.css
2021-05-09 23:01:21,013 - DEBUG - Read file from /home/evgeny/Projects/python-project-lvl3/tests/fixtures/expected/evglit-github-io_files/evglit-github-io-images-python.png
2021-05-09 23:01:21,013 - DEBUG - Read file from /home/evgeny/Projects/python-project-lvl3/tests/fixtures/expected/evglit-github-io_files/evglit-github-io-js-runtime.js
2021-05-09 23:01:21,014 - DEBUG - Started download of page.
2021-05-09 23:01:21,014 - DEBUG - Request to https://evglit.github.io
2021-05-09 23:01:21,016 - DEBUG - The answer was received successfully.
2021-05-09 23:01:21,016 - DEBUG - Generated the page name "evglit-github-io.html" from URL "https://evglit.github.io"
2021-05-09 23:01:21,019 - DEBUG - Start downloading files of "img" tag.
2021-05-09 23:01:21,020 - DEBUG - Request to https://evglit.github.io/images/python.png
2021-05-09 23:01:21,021 - DEBUG - The answer was received successfully.
2021-05-09 23:01:21,021 - DEBUG - Generated filename "evglit-github-io-images-python.png" from URL "https://evglit.github.io/images/python.png"
2021-05-09 23:01:21,021 - DEBUG - File saved into /tmp/tmpk6rt57nz/evglit-github-io_files/evglit-github-io-images-python.png
2021-05-09 23:01:21,021 - DEBUG - Start downloading files of "link" tag.
2021-05-09 23:01:21,021 - DEBUG - Request to https://evglit.github.io/css/style.css
2021-05-09 23:01:21,023 - DEBUG - The answer was received successfully.
2021-05-09 23:01:21,023 - DEBUG - Generated filename "evglit-github-io-css-style.css" from URL "https://evglit.github.io/css/style.css"
2021-05-09 23:01:21,023 - DEBUG - File saved into /tmp/tmpk6rt57nz/evglit-github-io_files/evglit-github-io-css-style.css
2021-05-09 23:01:21,023 - DEBUG - Start downloading files of "script" tag.
2021-05-09 23:01:21,023 - DEBUG - Request to https://evglit.github.io/js/runtime.js
2021-05-09 23:01:21,024 - DEBUG - The answer was received successfully.
2021-05-09 23:01:21,024 - DEBUG - Generated filename "evglit-github-io-js-runtime.js" from URL "https://evglit.github.io/js/runtime.js"
2021-05-09 23:01:21,025 - DEBUG - File saved into /tmp/tmpk6rt57nz/evglit-github-io_files/evglit-github-io-js-runtime.js
2021-05-09 23:01:21,026 - DEBUG - File saved into /tmp/tmpk6rt57nz/evglit-github-io.html
2021-05-09 23:01:21,026 - DEBUG - Read file from /tmp/tmpk6rt57nz/evglit-github-io.html
